<?xml version="1.0" encoding="UTF-8"?>
<!-- Generated by org.testng.reporters.JUnitXMLReporter -->
<testsuite ignored="0" hostname="DESKTOP-MV4BC0H" failures="0" tests="3" name="Command line test" time="0.943" errors="0" timestamp="2020-10-29T09:41:52 MSK">
  <testcase classname="DomParserTest" name="getDataExceptionTest" time="0.802"/>
  <testcase classname="DomParserTest" name="getDataNegativeTest" time="0.04"/>
  <testcase classname="DomParserTest" name="getDataPositiveTest" time="0.028"/>
</testsuite> <!-- Command line test -->
