<?xml version="1.0" encoding="UTF-8"?>
<!-- Generated by org.testng.reporters.JUnitXMLReporter -->
<testsuite ignored="0" hostname="DESKTOP-MV4BC0H" failures="0" tests="54" name="Command line test" time="0.117" errors="0" timestamp="2020-11-16T17:24:17 MSK">
  <testcase classname="com.traulko.project.validator.OrderItemValidatorTest" name="isIdValidNegativeTest" time="0.006"/>
  <testcase classname="com.traulko.project.validator.OrderItemValidatorTest" name="isIdValidNegativeTest" time="0.001"/>
  <testcase classname="com.traulko.project.validator.OrderItemValidatorTest" name="isIdValidNegativeTest" time="0.001"/>
  <testcase classname="com.traulko.project.validator.OrderItemValidatorTest" name="isIdValidNegativeTest" time="0.001"/>
  <testcase classname="com.traulko.project.validator.OrderItemValidatorTest" name="isIdValidNegativeTest" time="0.001"/>
  <testcase classname="com.traulko.project.validator.OrderItemValidatorTest" name="isIdValidNegativeTest" time="0.0"/>
  <testcase classname="com.traulko.project.validator.OrderItemValidatorTest" name="isIdValidPositiveTest" time="0.001"/>
  <testcase classname="com.traulko.project.validator.OrderItemValidatorTest" name="isIdValidPositiveTest" time="0.0"/>
  <testcase classname="com.traulko.project.validator.OrderItemValidatorTest" name="isIdValidPositiveTest" time="0.0"/>
  <testcase classname="com.traulko.project.validator.OrderValidatorTest" name="isIdValidNegativeTest" time="0.001"/>
  <testcase classname="com.traulko.project.validator.OrderValidatorTest" name="isIdValidNegativeTest" time="0.0"/>
  <testcase classname="com.traulko.project.validator.OrderValidatorTest" name="isIdValidNegativeTest" time="0.0"/>
  <testcase classname="com.traulko.project.validator.OrderValidatorTest" name="isIdValidNegativeTest" time="0.0"/>
  <testcase classname="com.traulko.project.validator.OrderValidatorTest" name="isIdValidNegativeTest" time="0.0"/>
  <testcase classname="com.traulko.project.validator.OrderValidatorTest" name="isIdValidNegativeTest" time="0.0"/>
  <testcase classname="com.traulko.project.validator.OrderValidatorTest" name="isIdValidPositiveTest" time="0.001"/>
  <testcase classname="com.traulko.project.validator.OrderValidatorTest" name="isIdValidPositiveTest" time="0.0"/>
  <testcase classname="com.traulko.project.validator.OrderValidatorTest" name="isIdValidPositiveTest" time="0.0"/>
  <testcase classname="com.traulko.project.validator.ProductValidatorTest" name="isDescriptionValidNegativeTest" time="0.003"/>
  <testcase classname="com.traulko.project.validator.ProductValidatorTest" name="isDescriptionValidNegativeTest" time="0.0"/>
  <testcase classname="com.traulko.project.validator.ProductValidatorTest" name="isDescriptionValidNegativeTest" time="0.001"/>
  <testcase classname="com.traulko.project.validator.ProductValidatorTest" name="isDescriptionValidNegativeTest" time="0.0"/>
  <testcase classname="com.traulko.project.validator.ProductValidatorTest" name="isDescriptionValidNegativeTest" time="0.0"/>
  <testcase classname="com.traulko.project.validator.ProductValidatorTest" name="isDescriptionValidPositiveTest" time="0.0"/>
  <testcase classname="com.traulko.project.validator.ProductValidatorTest" name="isDescriptionValidPositiveTest" time="0.0"/>
  <testcase classname="com.traulko.project.validator.ProductValidatorTest" name="isDescriptionValidPositiveTest" time="0.0"/>
  <testcase classname="com.traulko.project.validator.ProductValidatorTest" name="isIdValidNegativeTest" time="0.0"/>
  <testcase classname="com.traulko.project.validator.ProductValidatorTest" name="isIdValidNegativeTest" time="0.0"/>
  <testcase classname="com.traulko.project.validator.ProductValidatorTest" name="isIdValidNegativeTest" time="0.001"/>
  <testcase classname="com.traulko.project.validator.ProductValidatorTest" name="isIdValidNegativeTest" time="0.0"/>
  <testcase classname="com.traulko.project.validator.ProductValidatorTest" name="isIdValidNegativeTest" time="0.0"/>
  <testcase classname="com.traulko.project.validator.ProductValidatorTest" name="isIdValidNegativeTest" time="0.0"/>
  <testcase classname="com.traulko.project.validator.ProductValidatorTest" name="isIdValidPositiveTest" time="0.0"/>
  <testcase classname="com.traulko.project.validator.ProductValidatorTest" name="isIdValidPositiveTest" time="0.0"/>
  <testcase classname="com.traulko.project.validator.ProductValidatorTest" name="isIdValidPositiveTest" time="0.001"/>
  <testcase classname="com.traulko.project.validator.ProductValidatorTest" name="isPriceValidNegativeTest" time="0.0"/>
  <testcase classname="com.traulko.project.validator.ProductValidatorTest" name="isPriceValidNegativeTest" time="0.001"/>
  <testcase classname="com.traulko.project.validator.ProductValidatorTest" name="isPriceValidNegativeTest" time="0.0"/>
  <testcase classname="com.traulko.project.validator.ProductValidatorTest" name="isPriceValidNegativeTest" time="0.0"/>
  <testcase classname="com.traulko.project.validator.ProductValidatorTest" name="isPriceValidNegativeTest" time="0.0"/>
  <testcase classname="com.traulko.project.validator.ProductValidatorTest" name="isPriceValidNegativeTest" time="0.0"/>
  <testcase classname="com.traulko.project.validator.ProductValidatorTest" name="isPriceValidPositiveTest" time="0.0"/>
  <testcase classname="com.traulko.project.validator.ProductValidatorTest" name="isPriceValidPositiveTest" time="0.0"/>
  <testcase classname="com.traulko.project.validator.ProductValidatorTest" name="isPriceValidPositiveTest" time="0.0"/>
  <testcase classname="com.traulko.project.validator.ProductValidatorTest" name="isPriceValidPositiveTest" time="0.0"/>
  <testcase classname="com.traulko.project.validator.ProductValidatorTest" name="isTitleValidNegativeTest" time="0.0"/>
  <testcase classname="com.traulko.project.validator.ProductValidatorTest" name="isTitleValidNegativeTest" time="0.0"/>
  <testcase classname="com.traulko.project.validator.ProductValidatorTest" name="isTitleValidNegativeTest" time="0.0"/>
  <testcase classname="com.traulko.project.validator.ProductValidatorTest" name="isTitleValidNegativeTest" time="0.001"/>
  <testcase classname="com.traulko.project.validator.ProductValidatorTest" name="isTitleValidNegativeTest" time="0.0"/>
  <testcase classname="com.traulko.project.validator.ProductValidatorTest" name="isTitleValidNegativeTest" time="0.0"/>
  <testcase classname="com.traulko.project.validator.ProductValidatorTest" name="isTitleValidPositiveTest" time="0.001"/>
  <testcase classname="com.traulko.project.validator.ProductValidatorTest" name="isTitleValidPositiveTest" time="0.0"/>
  <testcase classname="com.traulko.project.validator.ProductValidatorTest" name="isTitleValidPositiveTest" time="0.0"/>
</testsuite> <!-- Command line test -->
