<?xml version="1.0" encoding="UTF-8"?>
<testng-results ignored="0" total="3" passed="3" failed="0" skipped="0">
  <reporter-output>
  </reporter-output>
  <suite started-at="2020-10-29T09:41:51 MSK" name="DomParserTest" finished-at="2020-10-29T09:41:52 MSK" duration-ms="943">
    <groups>
    </groups>
    <test started-at="2020-10-29T09:41:51 MSK" name="Command line test" finished-at="2020-10-29T09:41:52 MSK" duration-ms="943">
      <class name="DomParserTest">
        <test-method signature="getDataExceptionTest()[pri:0, instance:DomParserTest@7cbd213e]" started-at="2020-10-29T09:41:51 MSK" name="getDataExceptionTest" finished-at="2020-10-29T09:41:52 MSK" duration-ms="802" status="PASS">
          <exception class="com.traulko.project.task.exception.TaskParserException">
            <message>
              <![CDATA[Premature end of file.]]>
            </message>
            <full-stacktrace>
              <![CDATA[com.traulko.project.task.exception.TaskParserException: Premature end of file.
at com.traulko.project.task.parser.DomParser.getData(DomParser.java:64)
at DomParserTest.getDataExceptionTest(DomParserTest.java:100)
at java.base/jdk.internal.reflect.NativeMethodAccessorImpl.invoke0(Native Method)
at java.base/jdk.internal.reflect.NativeMethodAccessorImpl.invoke(NativeMethodAccessorImpl.java:62)
at java.base/jdk.internal.reflect.DelegatingMethodAccessorImpl.invoke(DelegatingMethodAccessorImpl.java:43)
at java.base/java.lang.reflect.Method.invoke(Method.java:564)
at org.testng.internal.MethodInvocationHelper.invokeMethod(MethodInvocationHelper.java:134)
at org.testng.internal.TestInvoker.invokeMethod(TestInvoker.java:597)
at org.testng.internal.TestInvoker.invokeTestMethod(TestInvoker.java:173)
at org.testng.internal.MethodRunner.runInSequence(MethodRunner.java:46)
at org.testng.internal.TestInvoker$MethodInvocationAgent.invoke(TestInvoker.java:816)
at org.testng.internal.TestInvoker.invokeTestMethods(TestInvoker.java:146)
at org.testng.internal.TestMethodWorker.invokeTestMethods(TestMethodWorker.java:146)
at org.testng.internal.TestMethodWorker.run(TestMethodWorker.java:128)
at java.base/java.util.ArrayList.forEach(ArrayList.java:1511)
at org.testng.TestRunner.privateRun(TestRunner.java:766)
at org.testng.TestRunner.run(TestRunner.java:587)
at org.testng.SuiteRunner.runTest(SuiteRunner.java:384)
at org.testng.SuiteRunner.runSequentially(SuiteRunner.java:378)
at org.testng.SuiteRunner.privateRun(SuiteRunner.java:337)
at org.testng.SuiteRunner.run(SuiteRunner.java:286)
at org.testng.SuiteRunnerWorker.runSuite(SuiteRunnerWorker.java:53)
at org.testng.SuiteRunnerWorker.run(SuiteRunnerWorker.java:96)
at org.testng.TestNG.runSuitesSequentially(TestNG.java:1187)
at org.testng.TestNG.runSuitesLocally(TestNG.java:1109)
at org.testng.TestNG.runSuites(TestNG.java:1039)
at org.testng.TestNG.run(TestNG.java:1007)
at org.apache.maven.surefire.testng.TestNGExecutor.run(TestNGExecutor.java:77)
at org.apache.maven.surefire.testng.TestNGDirectoryTestSuite.execute(TestNGDirectoryTestSuite.java:110)
at org.apache.maven.surefire.testng.TestNGProvider.invoke(TestNGProvider.java:106)
at java.base/jdk.internal.reflect.NativeMethodAccessorImpl.invoke0(Native Method)
at java.base/jdk.internal.reflect.NativeMethodAccessorImpl.invoke(NativeMethodAccessorImpl.java:62)
at java.base/jdk.internal.reflect.DelegatingMethodAccessorImpl.invoke(DelegatingMethodAccessorImpl.java:43)
at java.base/java.lang.reflect.Method.invoke(Method.java:564)
at org.apache.maven.surefire.util.ReflectionUtils.invokeMethodWithArray(ReflectionUtils.java:189)
at org.apache.maven.surefire.booter.ProviderFactory$ProviderProxy.invoke(ProviderFactory.java:165)
at org.apache.maven.surefire.booter.ProviderFactory.invokeProvider(ProviderFactory.java:85)
at org.apache.maven.surefire.booter.ForkedBooter.runSuitesInProcess(ForkedBooter.java:115)
at org.apache.maven.surefire.booter.ForkedBooter.main(ForkedBooter.java:75)
]]>
            </full-stacktrace>
          </exception> <!-- com.traulko.project.task.exception.TaskParserException -->
          <reporter-output>
          </reporter-output>
        </test-method> <!-- getDataExceptionTest -->
        <test-method signature="getDataNegativeTest()[pri:0, instance:DomParserTest@7cbd213e]" started-at="2020-10-29T09:41:52 MSK" name="getDataNegativeTest" finished-at="2020-10-29T09:41:52 MSK" duration-ms="40" status="PASS">
          <reporter-output>
          </reporter-output>
        </test-method> <!-- getDataNegativeTest -->
        <test-method signature="getDataPositiveTest()[pri:0, instance:DomParserTest@7cbd213e]" started-at="2020-10-29T09:41:52 MSK" name="getDataPositiveTest" finished-at="2020-10-29T09:41:52 MSK" duration-ms="28" status="PASS">
          <reporter-output>
          </reporter-output>
        </test-method> <!-- getDataPositiveTest -->
      </class> <!-- DomParserTest -->
    </test> <!-- Command line test -->
  </suite> <!-- DomParserTest -->
</testng-results>
